app/build/intermediates/manifest_merge_blame_file/debug/processDebugMainManifest/manifest-merger-blame-debug-report.txt
1<?xml version="1.0" encoding="utf-8"?>
2<manifest xmlns:android="http://schemas.android.com/apk/res/android"
3    package="com.example.androidlananh"
4    android:versionCode="1"
5    android:versionName="1.0" >
6
7    <uses-sdk
8        android:minSdkVersion="24"
9        android:targetSdkVersion="35" />
10
11    <uses-permission android:name="android.permission.INTERNET" />
11-->[com.google.firebase:firebase-auth:23.2.0] AndroidManifest.xml:25:5-67
11-->[com.google.firebase:firebase-auth:23.2.0] AndroidManifest.xml:25:22-64
12    <uses-permission android:name="android.permission.ACCESS_NETWORK_STATE" />
12-->[com.google.firebase:firebase-auth:23.2.0] AndroidManifest.xml:26:5-79
12-->[com.google.firebase:firebase-auth:23.2.0] AndroidManifest.xml:26:22-76
13    <uses-permission android:name="android.permission.USE_BIOMETRIC" /> <!-- suppress DeprecatedClassUsageInspection -->
13-->[androidx.biometric:biometric:1.1.0] AndroidManifest.xml:24:5-72
13-->[androidx.biometric:biometric:1.1.0] AndroidManifest.xml:24:22-69
14    <uses-permission android:name="android.permission.USE_FINGERPRINT" />
14-->[androidx.biometric:biometric:1.1.0] AndroidManifest.xml:27:5-74
14-->[androidx.biometric:biometric:1.1.0] AndroidManifest.xml:27:22-71
15    <uses-permission android:name="com.google.android.providers.gsf.permission.READ_GSERVICES" />
15-->[com.google.android.recaptcha:recaptcha:18.6.1] AndroidManifest.xml:9:5-98
15-->[com.google.android.recaptcha:recaptcha:18.6.1] AndroidManifest.xml:9:22-95
16
17    <permission
17-->[androidx.core:core:1.15.0] AndroidManifest.xml:22:5-24:47
18        android:name="com.example.androidlananh.DYNAMIC_RECEIVER_NOT_EXPORTED_PERMISSION"
18-->[androidx.core:core:1.15.0] AndroidManifest.xml:23:9-81
19        android:protectionLevel="signature" />
19-->[androidx.core:core:1.15.0] AndroidManifest.xml:24:9-44
20
21    <uses-permission android:name="com.example.androidlananh.DYNAMIC_RECEIVER_NOT_EXPORTED_PERMISSION" />
21-->[androidx.core:core:1.15.0] AndroidManifest.xml:26:5-97
21-->[androidx.core:core:1.15.0] AndroidManifest.xml:26:22-94
22
23    <application
23-->src\main\AndroidManifest.xml:5:5-29:19
24        android:allowBackup="true"
24-->src\main\AndroidManifest.xml:6:9-35
25        android:appComponentFactory="androidx.core.app.CoreComponentFactory"
25-->[androidx.core:core:1.15.0] AndroidManifest.xml:28:18-86
26        android:dataExtractionRules="@xml/data_extraction_rules"
26-->src\main\AndroidManifest.xml:7:9-65
27        android:debuggable="true"
28        android:extractNativeLibs="false"
29        android:fullBackupContent="@xml/backup_rules"
29-->src\main\AndroidManifest.xml:8:9-54
30        android:icon="@mipmap/ic_launcher"
30-->src\main\AndroidManifest.xml:9:9-43
31        android:label="@string/app_name"
31-->src\main\AndroidManifest.xml:10:9-41
32        android:roundIcon="@mipmap/ic_launcher_round"
32-->src\main\AndroidManifest.xml:11:9-54
33        android:supportsRtl="true"
33-->src\main\AndroidManifest.xml:12:9-35
34        android:testOnly="true"
35        android:theme="@style/Theme.AndroidLanAnh" >
35-->src\main\AndroidManifest.xml:13:9-51
36        <activity
36-->src\main\AndroidManifest.xml:15:9-18:20
37            android:name="com.example.androidlananh.ui.main.MainActivity"
37-->src\main\AndroidManifest.xml:16:13-49
38            android:exported="true" >
38-->src\main\AndroidManifest.xml:17:13-36
39        </activity>
40        <activity
40-->src\main\AndroidManifest.xml:19:9-27:20
41            android:name="com.example.androidlananh.ui.signup.SignUpActivity"
41-->src\main\AndroidManifest.xml:20:13-53
42            android:exported="true" >
42-->src\main\AndroidManifest.xml:21:13-36
43            <intent-filter>
43-->src\main\AndroidManifest.xml:22:13-26:29
44                <action android:name="android.intent.action.MAIN" />
44-->src\main\AndroidManifest.xml:23:17-69
44-->src\main\AndroidManifest.xml:23:25-66
45
46                <category android:name="android.intent.category.LAUNCHER" />
46-->src\main\AndroidManifest.xml:25:17-77
46-->src\main\AndroidManifest.xml:25:27-74
47            </intent-filter>
48        </activity>
49        <activity
49-->[com.google.firebase:firebase-auth:23.2.0] AndroidManifest.xml:29:9-46:20
50            android:name="com.google.firebase.auth.internal.GenericIdpActivity"
50-->[com.google.firebase:firebase-auth:23.2.0] AndroidManifest.xml:30:13-80
51            android:excludeFromRecents="true"
51-->[com.google.firebase:firebase-auth:23.2.0] AndroidManifest.xml:31:13-46
52            android:exported="true"
52-->[com.google.firebase:firebase-auth:23.2.0] AndroidManifest.xml:32:13-36
53            android:launchMode="singleTask"
53-->[com.google.firebase:firebase-auth:23.2.0] AndroidManifest.xml:33:13-44
54            android:theme="@android:style/Theme.Translucent.NoTitleBar" >
54-->[com.google.firebase:firebase-auth:23.2.0] AndroidManifest.xml:34:13-72
55            <intent-filter>
55-->[com.google.firebase:firebase-auth:23.2.0] AndroidManifest.xml:35:13-45:29
56                <action android:name="android.intent.action.VIEW" />
56-->[com.google.firebase:firebase-auth:23.2.0] AndroidManifest.xml:36:17-69
56-->[com.google.firebase:firebase-auth:23.2.0] AndroidManifest.xml:36:25-66
57
58                <category android:name="android.intent.category.DEFAULT" />
58-->[com.google.firebase:firebase-auth:23.2.0] AndroidManifest.xml:38:17-76
58-->[com.google.firebase:firebase-auth:23.2.0] AndroidManifest.xml:38:27-73
59                <category android:name="android.intent.category.BROWSABLE" />
59-->[com.google.firebase:firebase-auth:23.2.0] AndroidManifest.xml:39:17-78
59-->[com.google.firebase:firebase-auth:23.2.0] AndroidManifest.xml:39:27-75
60
61                <data
61-->[com.google.firebase:firebase-auth:23.2.0] AndroidManifest.xml:41:17-44:51
62                    android:host="firebase.auth"
62-->[com.google.firebase:firebase-auth:23.2.0] AndroidManifest.xml:42:21-49
63                    android:path="/"
63-->[com.google.firebase:firebase-auth:23.2.0] AndroidManifest.xml:43:21-37
64                    android:scheme="genericidp" />
64-->[com.google.firebase:firebase-auth:23.2.0] AndroidManifest.xml:44:21-48
65            </intent-filter>
66        </activity>
67        <activity
67-->[com.google.firebase:firebase-auth:23.2.0] AndroidManifest.xml:47:9-64:20
68            android:name="com.google.firebase.auth.internal.RecaptchaActivity"
68-->[com.google.firebase:firebase-auth:23.2.0] AndroidManifest.xml:48:13-79
69            android:excludeFromRecents="true"
69-->[com.google.firebase:firebase-auth:23.2.0] AndroidManifest.xml:49:13-46
70            android:exported="true"
70-->[com.google.firebase:firebase-auth:23.2.0] AndroidManifest.xml:50:13-36
71            android:launchMode="singleTask"
71-->[com.google.firebase:firebase-auth:23.2.0] AndroidManifest.xml:51:13-44
72            android:theme="@android:style/Theme.Translucent.NoTitleBar" >
72-->[com.google.firebase:firebase-auth:23.2.0] AndroidManifest.xml:52:13-72
73            <intent-filter>
73-->[com.google.firebase:firebase-auth:23.2.0] AndroidManifest.xml:53:13-63:29
74                <action android:name="android.intent.action.VIEW" />
74-->[com.google.firebase:firebase-auth:23.2.0] AndroidManifest.xml:36:17-69
74-->[com.google.firebase:firebase-auth:23.2.0] AndroidManifest.xml:36:25-66
75
76                <category android:name="android.intent.category.DEFAULT" />
76-->[com.google.firebase:firebase-auth:23.2.0] AndroidManifest.xml:38:17-76
76-->[com.google.firebase:firebase-auth:23.2.0] AndroidManifest.xml:38:27-73
77                <category android:name="android.intent.category.BROWSABLE" />
77-->[com.google.firebase:firebase-auth:23.2.0] AndroidManifest.xml:39:17-78
77-->[com.google.firebase:firebase-auth:23.2.0] AndroidManifest.xml:39:27-75
78
79                <data
79-->[com.google.firebase:firebase-auth:23.2.0] AndroidManifest.xml:41:17-44:51
80                    android:host="firebase.auth"
80-->[com.google.firebase:firebase-auth:23.2.0] AndroidManifest.xml:42:21-49
81                    android:path="/"
81-->[com.google.firebase:firebase-auth:23.2.0] AndroidManifest.xml:43:21-37
82                    android:scheme="recaptcha" />
82-->[com.google.firebase:firebase-auth:23.2.0] AndroidManifest.xml:44:21-48
83            </intent-filter>
84        </activity>
85
86        <service
86-->[com.google.firebase:firebase-auth:23.2.0] AndroidManifest.xml:66:9-72:19
87            android:name="com.google.firebase.components.ComponentDiscoveryService"
87-->[com.google.firebase:firebase-auth:23.2.0] AndroidManifest.xml:67:13-84
88            android:directBootAware="true"
88-->[com.google.firebase:firebase-common:21.0.0] AndroidManifest.xml:32:13-43
89            android:exported="false" >
89-->[com.google.firebase:firebase-auth:23.2.0] AndroidManifest.xml:68:13-37
90            <meta-data
90-->[com.google.firebase:firebase-auth:23.2.0] AndroidManifest.xml:69:13-71:85
91                android:name="com.google.firebase.components:com.google.firebase.auth.FirebaseAuthRegistrar"
91-->[com.google.firebase:firebase-auth:23.2.0] AndroidManifest.xml:70:17-109
92                android:value="com.google.firebase.components.ComponentRegistrar" />
92-->[com.google.firebase:firebase-auth:23.2.0] AndroidManifest.xml:71:17-82
93            <meta-data
93-->[com.google.firebase:firebase-firestore:25.1.3] AndroidManifest.xml:17:13-19:85
94                android:name="com.google.firebase.components:com.google.firebase.firestore.FirebaseFirestoreKtxRegistrar"
94-->[com.google.firebase:firebase-firestore:25.1.3] AndroidManifest.xml:18:17-122
95                android:value="com.google.firebase.components.ComponentRegistrar" />
95-->[com.google.firebase:firebase-firestore:25.1.3] AndroidManifest.xml:19:17-82
96            <meta-data
96-->[com.google.firebase:firebase-firestore:25.1.3] AndroidManifest.xml:20:13-22:85
97                android:name="com.google.firebase.components:com.google.firebase.firestore.FirestoreRegistrar"
97-->[com.google.firebase:firebase-firestore:25.1.3] AndroidManifest.xml:21:17-111
98                android:value="com.google.firebase.components.ComponentRegistrar" />
98-->[com.google.firebase:firebase-firestore:25.1.3] AndroidManifest.xml:22:17-82
99            <meta-data
99-->[com.google.firebase:firebase-common-ktx:21.0.0] AndroidManifest.xml:12:13-14:85
100                android:name="com.google.firebase.components:com.google.firebase.ktx.FirebaseCommonLegacyRegistrar"
100-->[com.google.firebase:firebase-common-ktx:21.0.0] AndroidManifest.xml:13:17-116
101                android:value="com.google.firebase.components.ComponentRegistrar" />
101-->[com.google.firebase:firebase-common-ktx:21.0.0] AndroidManifest.xml:14:17-82
102            <meta-data
102-->[com.google.firebase:firebase-common:21.0.0] AndroidManifest.xml:35:13-37:85
103                android:name="com.google.firebase.components:com.google.firebase.FirebaseCommonKtxRegistrar"
103-->[com.google.firebase:firebase-common:21.0.0] AndroidManifest.xml:36:17-109
104                android:value="com.google.firebase.components.ComponentRegistrar" />
104-->[com.google.firebase:firebase-common:21.0.0] AndroidManifest.xml:37:17-82
105        </service>
106        <service
106-->[androidx.credentials:credentials-play-services-auth:1.5.0] AndroidManifest.xml:24:9-32:19
107            android:name="androidx.credentials.playservices.CredentialProviderMetadataHolder"
107-->[androidx.credentials:credentials-play-services-auth:1.5.0] AndroidManifest.xml:25:13-94
108            android:enabled="true"
108-->[androidx.credentials:credentials-play-services-auth:1.5.0] AndroidManifest.xml:26:13-35
109            android:exported="false" >
109-->[androidx.credentials:credentials-play-services-auth:1.5.0] AndroidManifest.xml:27:13-37
110            <meta-data
110-->[androidx.credentials:credentials-play-services-auth:1.5.0] AndroidManifest.xml:29:13-31:104
111                android:name="androidx.credentials.CREDENTIAL_PROVIDER_KEY"
111-->[androidx.credentials:credentials-play-services-auth:1.5.0] AndroidManifest.xml:30:17-76
112                android:value="androidx.credentials.playservices.CredentialProviderPlayServicesImpl" />
112-->[androidx.credentials:credentials-play-services-auth:1.5.0] AndroidManifest.xml:31:17-101
113        </service>
114
115        <activity
115-->[androidx.credentials:credentials-play-services-auth:1.5.0] AndroidManifest.xml:34:9-41:20
116            android:name="androidx.credentials.playservices.HiddenActivity"
116-->[androidx.credentials:credentials-play-services-auth:1.5.0] AndroidManifest.xml:35:13-76
117            android:configChanges="orientation|screenSize|screenLayout|keyboardHidden"
117-->[androidx.credentials:credentials-play-services-auth:1.5.0] AndroidManifest.xml:36:13-87
118            android:enabled="true"
118-->[androidx.credentials:credentials-play-services-auth:1.5.0] AndroidManifest.xml:37:13-35
119            android:exported="false"
119-->[androidx.credentials:credentials-play-services-auth:1.5.0] AndroidManifest.xml:38:13-37
120            android:fitsSystemWindows="true"
120-->[androidx.credentials:credentials-play-services-auth:1.5.0] AndroidManifest.xml:39:13-45
121            android:theme="@style/Theme.Hidden" >
121-->[androidx.credentials:credentials-play-services-auth:1.5.0] AndroidManifest.xml:40:13-48
122        </activity>
123        <activity
123-->[androidx.credentials:credentials-play-services-auth:1.5.0] AndroidManifest.xml:42:9-49:20
124            android:name="androidx.credentials.playservices.IdentityCredentialApiHiddenActivity"
124-->[androidx.credentials:credentials-play-services-auth:1.5.0] AndroidManifest.xml:43:13-97
125            android:configChanges="orientation|screenSize|screenLayout|keyboardHidden"
125-->[androidx.credentials:credentials-play-services-auth:1.5.0] AndroidManifest.xml:44:13-87
126            android:enabled="true"
126-->[androidx.credentials:credentials-play-services-auth:1.5.0] AndroidManifest.xml:45:13-35
127            android:exported="false"
127-->[androidx.credentials:credentials-play-services-auth:1.5.0] AndroidManifest.xml:46:13-37
128            android:fitsSystemWindows="true"
128-->[androidx.credentials:credentials-play-services-auth:1.5.0] AndroidManifest.xml:47:13-45
129            android:theme="@style/Theme.Hidden" >
129-->[androidx.credentials:credentials-play-services-auth:1.5.0] AndroidManifest.xml:48:13-48
130        </activity>
131
132        <provider
132-->[com.google.firebase:firebase-common:21.0.0] AndroidManifest.xml:23:9-28:39
133            android:name="com.google.firebase.provider.FirebaseInitProvider"
133-->[com.google.firebase:firebase-common:21.0.0] AndroidManifest.xml:24:13-77
134            android:authorities="com.example.androidlananh.firebaseinitprovider"
134-->[com.google.firebase:firebase-common:21.0.0] AndroidManifest.xml:25:13-72
135            android:directBootAware="true"
135-->[com.google.firebase:firebase-common:21.0.0] AndroidManifest.xml:26:13-43
136            android:exported="false"
136-->[com.google.firebase:firebase-common:21.0.0] AndroidManifest.xml:27:13-37
137            android:initOrder="100" />
137-->[com.google.firebase:firebase-common:21.0.0] AndroidManifest.xml:28:13-36
138
139        <activity
139-->[com.google.android.gms:play-services-auth:21.1.1] AndroidManifest.xml:23:9-27:75
140            android:name="com.google.android.gms.auth.api.signin.internal.SignInHubActivity"
140-->[com.google.android.gms:play-services-auth:21.1.1] AndroidManifest.xml:24:13-93
141            android:excludeFromRecents="true"
141-->[com.google.android.gms:play-services-auth:21.1.1] AndroidManifest.xml:25:13-46
142            android:exported="false"
142-->[com.google.android.gms:play-services-auth:21.1.1] AndroidManifest.xml:26:13-37
143            android:theme="@android:style/Theme.Translucent.NoTitleBar" />
143-->[com.google.android.gms:play-services-auth:21.1.1] AndroidManifest.xml:27:13-72
144        <!--
145            Service handling Google Sign-In user revocation. For apps that do not integrate with
146            Google Sign-In, this service will never be started.
147        -->
148        <service
148-->[com.google.android.gms:play-services-auth:21.1.1] AndroidManifest.xml:33:9-37:51
149            android:name="com.google.android.gms.auth.api.signin.RevocationBoundService"
149-->[com.google.android.gms:play-services-auth:21.1.1] AndroidManifest.xml:34:13-89
150            android:exported="true"
150-->[com.google.android.gms:play-services-auth:21.1.1] AndroidManifest.xml:35:13-36
151            android:permission="com.google.android.gms.auth.api.signin.permission.REVOCATION_NOTIFICATION"
151-->[com.google.android.gms:play-services-auth:21.1.1] AndroidManifest.xml:36:13-107
152            android:visibleToInstantApps="true" />
152-->[com.google.android.gms:play-services-auth:21.1.1] AndroidManifest.xml:37:13-48
153
154        <provider
154-->[androidx.emoji2:emoji2:1.2.0] AndroidManifest.xml:24:9-32:20
155            android:name="androidx.startup.InitializationProvider"
155-->[androidx.emoji2:emoji2:1.2.0] AndroidManifest.xml:25:13-67
156            android:authorities="com.example.androidlananh.androidx-startup"
156-->[androidx.emoji2:emoji2:1.2.0] AndroidManifest.xml:26:13-68
157            android:exported="false" >
157-->[androidx.emoji2:emoji2:1.2.0] AndroidManifest.xml:27:13-37
158            <meta-data
158-->[androidx.emoji2:emoji2:1.2.0] AndroidManifest.xml:29:13-31:52
159                android:name="androidx.emoji2.text.EmojiCompatInitializer"
159-->[androidx.emoji2:emoji2:1.2.0] AndroidManifest.xml:30:17-75
160                android:value="androidx.startup" />
160-->[androidx.emoji2:emoji2:1.2.0] AndroidManifest.xml:31:17-49
161            <meta-data
161-->[androidx.lifecycle:lifecycle-process:2.6.2] AndroidManifest.xml:29:13-31:52
162                android:name="androidx.lifecycle.ProcessLifecycleInitializer"
162-->[androidx.lifecycle:lifecycle-process:2.6.2] AndroidManifest.xml:30:17-78
163                android:value="androidx.startup" />
163-->[androidx.lifecycle:lifecycle-process:2.6.2] AndroidManifest.xml:31:17-49
164            <meta-data
164-->[androidx.profileinstaller:profileinstaller:1.3.0] AndroidManifest.xml:29:13-31:52
165                android:name="androidx.profileinstaller.ProfileInstallerInitializer"
165-->[androidx.profileinstaller:profileinstaller:1.3.0] AndroidManifest.xml:30:17-85
166                android:value="androidx.startup" />
166-->[androidx.profileinstaller:profileinstaller:1.3.0] AndroidManifest.xml:31:17-49
167        </provider>
168
169        <activity
169-->[com.google.android.gms:play-services-base:18.5.0] AndroidManifest.xml:5:9-173
170            android:name="com.google.android.gms.common.api.GoogleApiActivity"
170-->[com.google.android.gms:play-services-base:18.5.0] AndroidManifest.xml:5:19-85
171            android:exported="false"
171-->[com.google.android.gms:play-services-base:18.5.0] AndroidManifest.xml:5:146-170
172            android:theme="@android:style/Theme.Translucent.NoTitleBar" />
172-->[com.google.android.gms:play-services-base:18.5.0] AndroidManifest.xml:5:86-145
173
174        <meta-data
174-->[com.google.android.gms:play-services-basement:18.4.0] AndroidManifest.xml:6:9-122
175            android:name="com.google.android.gms.version"
175-->[com.google.android.gms:play-services-basement:18.4.0] AndroidManifest.xml:6:20-65
176            android:value="@integer/google_play_services_version" />
176-->[com.google.android.gms:play-services-basement:18.4.0] AndroidManifest.xml:6:66-119
177
178        <receiver
178-->[androidx.profileinstaller:profileinstaller:1.3.0] AndroidManifest.xml:34:9-52:20
179            android:name="androidx.profileinstaller.ProfileInstallReceiver"
179-->[androidx.profileinstaller:profileinstaller:1.3.0] AndroidManifest.xml:35:13-76
180            android:directBootAware="false"
180-->[androidx.profileinstaller:profileinstaller:1.3.0] AndroidManifest.xml:36:13-44
181            android:enabled="true"
181-->[androidx.profileinstaller:profileinstaller:1.3.0] AndroidManifest.xml:37:13-35
182            android:exported="true"
182-->[androidx.profileinstaller:profileinstaller:1.3.0] AndroidManifest.xml:38:13-36
183            android:permission="android.permission.DUMP" >
183-->[androidx.profileinstaller:profileinstaller:1.3.0] AndroidManifest.xml:39:13-57
184            <intent-filter>
184-->[androidx.profileinstaller:profileinstaller:1.3.0] AndroidManifest.xml:40:13-42:29
185                <action android:name="androidx.profileinstaller.action.INSTALL_PROFILE" />
185-->[androidx.profileinstaller:profileinstaller:1.3.0] AndroidManifest.xml:41:17-91
185-->[androidx.profileinstaller:profileinstaller:1.3.0] AndroidManifest.xml:41:25-88
186            </intent-filter>
187            <intent-filter>
187-->[androidx.profileinstaller:profileinstaller:1.3.0] AndroidManifest.xml:43:13-45:29
188                <action android:name="androidx.profileinstaller.action.SKIP_FILE" />
188-->[androidx.profileinstaller:profileinstaller:1.3.0] AndroidManifest.xml:44:17-85
188-->[androidx.profileinstaller:profileinstaller:1.3.0] AndroidManifest.xml:44:25-82
189            </intent-filter>
190            <intent-filter>
190-->[androidx.profileinstaller:profileinstaller:1.3.0] AndroidManifest.xml:46:13-48:29
191                <action android:name="androidx.profileinstaller.action.SAVE_PROFILE" />
191-->[androidx.profileinstaller:profileinstaller:1.3.0] AndroidManifest.xml:47:17-88
191-->[androidx.profileinstaller:profileinstaller:1.3.0] AndroidManifest.xml:47:25-85
192            </intent-filter>
193            <intent-filter>
193-->[androidx.profileinstaller:profileinstaller:1.3.0] AndroidManifest.xml:49:13-51:29
194                <action android:name="androidx.profileinstaller.action.BENCHMARK_OPERATION" />
194-->[androidx.profileinstaller:profileinstaller:1.3.0] AndroidManifest.xml:50:17-95
194-->[androidx.profileinstaller:profileinstaller:1.3.0] AndroidManifest.xml:50:25-92
195            </intent-filter>
196        </receiver> <!-- The activities will be merged into the manifest of the hosting app. -->
197        <activity
197-->[com.google.android.play:core-common:2.0.3] AndroidManifest.xml:14:9-18:65
198            android:name="com.google.android.play.core.common.PlayCoreDialogWrapperActivity"
198-->[com.google.android.play:core-common:2.0.3] AndroidManifest.xml:15:13-93
199            android:exported="false"
199-->[com.google.android.play:core-common:2.0.3] AndroidManifest.xml:16:13-37
200            android:stateNotNeeded="true"
200-->[com.google.android.play:core-common:2.0.3] AndroidManifest.xml:17:13-42
201            android:theme="@style/Theme.PlayCore.Transparent" />
201-->[com.google.android.play:core-common:2.0.3] AndroidManifest.xml:18:13-62
202    </application>
203
204</manifest>